2024-02-08 15:44:24,795  [main] INFO  (BaseClass.java:41) - Setting up Chrome browser
2024-02-08 15:44:27,642  [main] INFO  (BaseClass.java:73) - Landing page is displayed 
2024-02-08 15:44:27,827  [main] INFO  (Ethara_header_menu.java:20) - testScripts.Ethara_header_menu
2024-02-08 15:45:28,095  [main] INFO  (BaseClass.java:91) - Closing browser
2024-02-08 15:52:08,546  [main] INFO  (BaseClass.java:41) - Setting up Chrome browser
2024-02-08 15:52:10,516  [main] INFO  (BaseClass.java:73) - Landing page is displayed 
2024-02-08 15:52:10,575  [main] INFO  (Ethara_header_menu.java:20) - testScripts.Ethara_header_menu
2024-02-08 15:52:10,576  [main] INFO  (Ethara_Header.java:122) - Clicking on Menu button in header 
2024-02-08 15:52:10,656  [main] INFO  (Ethara_Header.java:159) - Testing Menu options
2024-02-08 15:52:15,179  [main] INFO  (Ethara_Header.java:251) - Ethara | About Us
2024-02-08 15:52:21,740  [main] INFO  (Ethara_Header.java:251) - Ethara | Our Work
2024-02-08 15:52:28,384  [main] INFO  (Ethara_Header.java:251) - Ethara | Our People
2024-02-08 15:52:34,777  [main] INFO  (Ethara_Header.java:251) - Ethara | Contact Us
2024-02-08 15:52:41,186  [main] INFO  (Ethara_Header.java:251) - 
2024-02-08 15:52:47,726  [main] INFO  (Ethara_Header.java:251) - 
2024-02-08 15:52:54,326  [main] INFO  (Ethara_Header.java:251) - 
2024-02-08 15:53:00,770  [main] INFO  (Ethara_Header.java:251) - Regional Artist Spotlight
2024-02-08 15:53:02,931  [main] INFO  (Ethara_Header.java:265) - Test Terms and conditions
2024-02-08 15:53:05,393  [main] INFO  (Ethara_Header.java:289) - Ethara | Terms and Conditions
2024-02-08 15:53:05,492  [main] INFO  (Ethara_Header.java:300) - Testing privacy policy
2024-02-08 15:53:07,934  [main] INFO  (Ethara_Header.java:322) - Ethara | Privacy Policy
2024-02-08 15:53:08,015  [main] INFO  (Ethara_Header.java:333) - Testing sustainability
2024-02-08 15:53:10,324  [main] INFO  (Ethara_Header.java:355) - Ethara | Sustainability Policy
2024-02-08 15:53:10,495  [main] INFO  (Ethara_Header.java:117) - Clicking on close button in header 
2024-02-08 15:53:10,639  [main] INFO  (BaseClass.java:91) - Closing browser
2024-02-08 16:40:10,038  [main] INFO  (BaseClass.java:41) - Setting up Chrome browser
2024-02-08 16:40:12,037  [main] INFO  (BaseClass.java:73) - Landing page is displayed 
2024-02-08 16:40:12,116  [main] INFO  (Ethara_header_menu.java:20) - testScripts.Ethara_header_menu
2024-02-08 16:40:13,372  [main] INFO  (BaseClass.java:89) - Taking screenshot for failed test case testScripts.Ethara_header_menu
2024-02-08 16:40:13,372  [main] INFO  (BaseClass.java:91) - Closing browser
2024-02-08 16:40:46,233  [main] INFO  (BaseClass.java:41) - Setting up Chrome browser
2024-02-08 16:40:48,186  [main] INFO  (BaseClass.java:73) - Landing page is displayed 
2024-02-08 16:40:48,255  [main] INFO  (Ethara_header_menu.java:20) - testScripts.Ethara_header_menu
2024-02-08 16:40:48,256  [main] INFO  (Ethara_Header.java:120) - Clicking on Menu button in header 
2024-02-08 16:40:48,332  [main] INFO  (Ethara_Header.java:155) - Testing Menu options
2024-02-08 16:40:52,895  [main] INFO  (Ethara_Header.java:247) - Getting Page Title Ethara | About Us
2024-02-08 16:40:59,468  [main] INFO  (Ethara_Header.java:247) - Getting Page Title Ethara | Our Work
2024-02-08 16:41:05,895  [main] INFO  (Ethara_Header.java:247) - Getting Page Title Ethara | Our People
2024-02-12 18:20:07,368  [main] INFO  (BaseClass.java:41) - Setting up Chrome browser
2024-02-12 18:20:13,111  [main] INFO  (BaseClass.java:73) - Landing page is displayed 
2024-02-12 18:20:48,089  [main] INFO  (BaseClass.java:41) - Setting up Chrome browser
2024-02-12 18:21:00,788  [main] INFO  (BaseClass.java:73) - Landing page is displayed 
2024-02-12 18:21:00,919  [main] INFO  (Ethara_contact_us.java:120) - testScripts.Ethara_contact_us
2024-02-12 18:21:00,921  [main] INFO  (Ethara_Header.java:103) - Clicking on contact us button ini header
2024-02-12 18:21:01,156  [main] INFO  (Ethara_Header.java:71) - Testing broken link
2024-02-12 18:21:02,309  [main] INFO  (BaseClass.java:89) - Taking screenshot for failed test case testScripts.Ethara_contact_us
2024-02-12 18:21:02,310  [main] INFO  (BaseClass.java:91) - Closing browser
2024-02-12 18:22:43,294  [main] INFO  (BaseClass.java:41) - Setting up Chrome browser
2024-02-12 18:22:49,384  [main] INFO  (BaseClass.java:73) - Landing page is displayed 
2024-02-12 18:22:49,425  [main] INFO  (Ethara_contact_us.java:18) - testScripts.Ethara_contact_us
2024-02-12 18:22:49,466  [main] INFO  (Ethara_Header.java:103) - Clicking on contact us button ini header
2024-02-12 18:22:49,648  [main] INFO  (Ethara_Contact_Us.java:99) - Entering Company Name
2024-02-12 18:22:50,042  [main] INFO  (Ethara_Contact_Us.java:105) - Entering Position
2024-02-12 18:22:50,181  [main] INFO  (Ethara_Contact_Us.java:111) - Entering First Name
2024-02-12 18:22:50,299  [main] INFO  (Ethara_Contact_Us.java:115) - Entering Last Name
2024-02-12 18:22:50,415  [main] INFO  (Ethara_Contact_Us.java:122) - Entering Email Address
2024-02-12 18:22:50,564  [main] INFO  (Ethara_Contact_Us.java:128) - Selecting Interests from listed options
2024-02-12 18:22:50,692  [main] INFO  (Ethara_Contact_Us.java:131) - Total interests listed are 12
2024-02-12 18:22:54,910  [main] INFO  (Ethara_Contact_Us.java:148) - Selecting Country Code from listed options
2024-02-12 18:22:55,134  [main] INFO  (Ethara_Contact_Us.java:151) - Total country codes available are 242
2024-02-12 18:22:59,259  [main] INFO  (Ethara_Contact_Us.java:176) - Enter Mobile Number
2024-02-12 18:23:01,386  [main] INFO  (Ethara_Contact_Us.java:183) - Selecting Country from listed options
2024-02-12 18:23:01,543  [main] INFO  (Ethara_Contact_Us.java:186) - Total No of countries are 197
2024-02-12 18:23:17,572  [main] INFO  (BaseClass.java:41) - Setting up Chrome browser
2024-02-12 18:23:23,489  [main] INFO  (BaseClass.java:73) - Landing page is displayed 
2024-02-12 18:23:23,572  [main] INFO  (Ethara_contact_us.java:120) - testScripts.Ethara_contact_us
2024-02-12 18:23:23,574  [main] INFO  (Ethara_Header.java:103) - Clicking on contact us button ini header
2024-02-12 18:23:23,656  [main] INFO  (Ethara_Contact_Us.java:89) - Checcking of Personal contact form
2024-02-12 18:23:23,825  [main] INFO  (Ethara_Contact_Us.java:93) - Cliking on Personal radio button
2024-02-12 18:23:23,941  [main] INFO  (Ethara_Contact_Us.java:227) - Clikcing on Subscription CTA
2024-02-12 18:23:24,095  [main] ERROR (Ethara_contact_us.java:131) - Enter First Name
2024-02-12 18:23:24,122  [main] ERROR (Ethara_contact_us.java:136) - Enter Last Name
2024-02-12 18:23:24,149  [main] ERROR (Ethara_contact_us.java:141) - Enter Email ID
2024-02-12 18:23:24,176  [main] ERROR (Ethara_contact_us.java:147) - Select Your Interest *
2024-02-12 18:23:24,205  [main] ERROR (Ethara_contact_us.java:153) - Please select a Country Code
2024-02-12 18:23:44,536  [main] INFO  (BaseClass.java:89) - Taking screenshot for failed test case testScripts.Ethara_contact_us
2024-02-12 18:23:44,537  [main] INFO  (BaseClass.java:91) - Closing browser
2024-02-13 12:41:16,756  [main] INFO  (BaseClass.java:41) - Setting up Chrome browser
2024-02-13 12:41:19,468  [main] INFO  (BaseClass.java:73) - Landing page is displayed 
2024-02-13 12:53:22,612  [main] INFO  (BaseClass.java:41) - Setting up Chrome browser
2024-02-13 12:53:26,101  [main] INFO  (BaseClass.java:73) - Landing page is displayed 
2024-02-13 12:53:26,194  [main] INFO  (Ethara_Artists.java:47) - Clicking on Menu from header
2024-02-13 12:53:27,787  [main] INFO  (Ethara_Artists.java:50) - Clicking on Artists menu 
2024-02-13 12:53:48,147  [main] INFO  (BaseClass.java:89) - Taking screenshot for failed test case testScripts.Ethara_artists
2024-02-13 12:53:48,148  [main] INFO  (BaseClass.java:91) - Closing browser
2024-02-13 12:54:43,065  [main] INFO  (BaseClass.java:41) - Setting up Chrome browser
2024-02-13 12:54:45,250  [main] INFO  (BaseClass.java:73) - Landing page is displayed 
2024-02-13 12:54:45,321  [main] INFO  (Ethara_Artists.java:47) - Clicking on Menu from header
2024-02-13 12:54:46,917  [main] INFO  (Ethara_Artists.java:50) - Clicking on Artists menu 
2024-02-13 12:54:47,023  [main] INFO  (Ethara_Artists.java:56) - Checking for broken links
2024-02-13 12:54:53,584  [main] INFO  (Ethara_Artists.java:67) - https://twitter.com/etharaofficial - Page not found (Response code: 400)
2024-02-13 12:54:53,881  [main] INFO  (Ethara_Artists.java:67) - https://www.linkedin.com/company/ethara-official/ - Page not found (Response code: 999)
2024-02-13 12:55:05,612  [main] INFO  (Ethara_Artists.java:67) - https://twitter.com/etharaofficial - Page not found (Response code: 400)
2024-02-13 12:55:05,852  [main] INFO  (Ethara_Artists.java:67) - https://www.linkedin.com/company/ethara-official/ - Page not found (Response code: 999)
2024-02-13 12:55:12,407  [main] INFO  (Ethara_Artists.java:67) - https://twitter.com/etharaofficial - Page not found (Response code: 400)
2024-02-13 12:55:12,668  [main] INFO  (Ethara_Artists.java:67) - https://www.linkedin.com/company/ethara-official/ - Page not found (Response code: 999)
2024-02-13 12:55:16,526  [main] INFO  (Ethara_Artists.java:75) - Cliking on MOre Info CTA
2024-02-13 12:55:16,651  [main] INFO  (Ethara_Artists.java:77) - Getting Page Title Regional Artist Spotlight
2024-02-13 12:55:16,919  [main] INFO  (Ethara_Artists.java:81) - Getting Page Title Regional Artist Spotlight
2024-02-13 12:55:18,475  [main] INFO  (BaseClass.java:89) - Taking screenshot for failed test case testScripts.Ethara_artists
2024-02-13 12:55:18,475  [main] INFO  (BaseClass.java:91) - Closing browser
2024-02-13 12:57:28,217  [main] INFO  (BaseClass.java:41) - Setting up Chrome browser
2024-02-13 12:57:30,311  [main] INFO  (BaseClass.java:73) - Landing page is displayed 
2024-02-13 12:57:30,397  [main] INFO  (Ethara_Artists.java:47) - Clicking on Menu from header
2024-02-13 12:57:32,008  [main] INFO  (Ethara_Artists.java:50) - Clicking on Artists menu 
2024-02-13 12:57:32,096  [main] INFO  (Ethara_Artists.java:56) - Checking for broken links
2024-02-13 12:57:33,211  [main] INFO  (BaseClass.java:89) - Taking screenshot for failed test case testScripts.Ethara_artists
2024-02-13 12:57:33,212  [main] INFO  (BaseClass.java:91) - Closing browser
2024-02-13 12:57:59,795  [main] INFO  (BaseClass.java:41) - Setting up Chrome browser
2024-02-13 12:58:01,934  [main] INFO  (BaseClass.java:73) - Landing page is displayed 
2024-02-13 12:58:02,022  [main] INFO  (Ethara_Artists.java:47) - Clicking on Menu from header
2024-02-13 12:58:03,622  [main] INFO  (Ethara_Artists.java:50) - Clicking on Artists menu 
2024-02-13 12:58:03,720  [main] INFO  (Ethara_Artists.java:75) - Cliking on MOre Info CTA
2024-02-13 12:58:04,194  [main] INFO  (Ethara_Artists.java:77) - Getting Page Title Regional Artist Spotlight
2024-02-13 12:58:28,244  [main] INFO  (BaseClass.java:41) - Setting up Chrome browser
2024-02-13 12:58:31,430  [main] INFO  (BaseClass.java:73) - Landing page is displayed 
2024-02-13 12:58:31,497  [main] INFO  (Ethara_Artists.java:47) - Clicking on Menu from header
2024-02-13 12:58:33,210  [main] INFO  (Ethara_Artists.java:50) - Clicking on Artists menu 
2024-02-13 12:58:33,316  [main] INFO  (Ethara_Artists.java:75) - Cliking on MOre Info CTA
2024-02-13 12:58:33,848  [main] INFO  (Ethara_Artists.java:77) - Getting Page Title Regional Artist Spotlight
2024-02-13 12:58:34,099  [main] INFO  (Ethara_Artists.java:81) - Getting Page Title Regional Artist Spotlight
2024-02-13 12:58:35,351  [main] INFO  (BaseClass.java:89) - Taking screenshot for failed test case testScripts.Ethara_artists
2024-02-13 12:58:35,351  [main] INFO  (BaseClass.java:91) - Closing browser
2024-02-13 13:02:16,248  [main] INFO  (BaseClass.java:41) - Setting up Chrome browser
2024-02-13 13:02:18,979  [main] INFO  (BaseClass.java:73) - Landing page is displayed 
2024-02-13 13:02:19,072  [main] INFO  (Ethara_Artists.java:47) - Clicking on Menu from header
2024-02-13 13:02:20,675  [main] INFO  (Ethara_Artists.java:50) - Clicking on Artists menu 
2024-02-13 13:02:20,761  [main] INFO  (Ethara_Artists.java:75) - Cliking on MOre Info CTA
2024-02-13 13:02:21,262  [main] INFO  (Ethara_Artists.java:77) - Getting Page Title Regional Artist Spotlight
2024-02-13 13:02:43,390  [main] INFO  (BaseClass.java:89) - Taking screenshot for failed test case testScripts.Ethara_artists
2024-02-13 13:02:43,391  [main] INFO  (BaseClass.java:91) - Closing browser
2024-02-13 13:04:35,116  [main] INFO  (BaseClass.java:41) - Setting up Chrome browser
2024-02-13 13:04:37,204  [main] INFO  (BaseClass.java:73) - Landing page is displayed 
2024-02-13 13:04:37,290  [main] INFO  (Ethara_Artists.java:47) - Clicking on Menu from header
2024-02-13 13:04:38,880  [main] INFO  (Ethara_Artists.java:50) - Clicking on Artists menu 
2024-02-13 13:04:38,977  [main] INFO  (Ethara_Artists.java:75) - Cliking on MOre Info CTA
2024-02-13 13:04:39,379  [main] INFO  (Ethara_Artists.java:77) - Getting Page Title Regional Artist Spotlight
2024-02-13 13:04:45,922  [main] INFO  (Ethara_Artists.java:81) - Getting Page Title Regional Artist Spotlight
2024-02-13 13:04:49,771  [main] INFO  (Ethara_Artists.java:89) - 
2024-02-13 13:04:50,205  [main] INFO  (BaseClass.java:89) - Taking screenshot for failed test case testScripts.Ethara_artists
2024-02-13 13:04:50,206  [main] INFO  (BaseClass.java:91) - Closing browser
2024-02-13 13:05:18,045  [main] INFO  (BaseClass.java:41) - Setting up Chrome browser
2024-02-13 13:05:19,751  [main] INFO  (BaseClass.java:73) - Landing page is displayed 
2024-02-13 13:05:19,867  [main] INFO  (Ethara_Artists.java:47) - Clicking on Menu from header
2024-02-13 13:05:21,559  [main] INFO  (Ethara_Artists.java:50) - Clicking on Artists menu 
2024-02-13 13:05:21,649  [main] INFO  (Ethara_Artists.java:75) - Cliking on MOre Info CTA
2024-02-13 13:05:22,129  [main] INFO  (Ethara_Artists.java:77) - Getting Page Title Regional Artist Spotlight
2024-02-13 13:05:25,268  [main] INFO  (Ethara_Artists.java:81) - Getting Page Title Regional Artist Spotlight
2024-02-13 13:05:28,951  [main] INFO  (Ethara_Artists.java:89) - Regional Artist Spotlight
2024-02-13 13:05:29,450  [main] INFO  (BaseClass.java:89) - Taking screenshot for failed test case testScripts.Ethara_artists
2024-02-13 13:05:29,451  [main] INFO  (BaseClass.java:91) - Closing browser
2024-02-13 14:12:40,349  [main] INFO  (BaseClass.java:41) - Setting up Chrome browser
2024-02-13 14:12:43,324  [main] INFO  (BaseClass.java:73) - Landing page is displayed 
2024-02-13 14:12:43,385  [main] INFO  (Ethara_Artists.java:47) - Clicking on Menu from header
2024-02-13 14:12:44,973  [main] INFO  (Ethara_Artists.java:50) - Clicking on Artists menu 
2024-02-13 14:12:45,047  [main] INFO  (Ethara_Artists.java:75) - Cliking on MOre Info CTA
2024-02-13 14:12:45,500  [main] INFO  (Ethara_Artists.java:77) - Getting Page Title Regional Artist Spotlight
2024-02-13 14:12:53,464  [main] INFO  (Ethara_Artists.java:81) - Getting Page Title Regional Artist Spotlight
2024-02-13 14:12:56,649  [main] INFO  (Ethara_Artists.java:89) - Regional Artist Spotlight
2024-02-13 14:12:57,224  [main] INFO  (BaseClass.java:89) - Taking screenshot for failed test case testScripts.Ethara_artists
2024-02-13 14:12:57,226  [main] INFO  (BaseClass.java:91) - Closing browser
2024-02-13 14:14:59,140  [main] INFO  (BaseClass.java:41) - Setting up Chrome browser
2024-02-13 14:15:02,088  [main] INFO  (BaseClass.java:73) - Landing page is displayed 
2024-02-13 14:15:02,152  [main] INFO  (Ethara_Artists.java:47) - Clicking on Menu from header
2024-02-13 14:15:03,739  [main] INFO  (Ethara_Artists.java:50) - Clicking on Artists menu 
2024-02-13 14:15:03,848  [main] INFO  (Ethara_Artists.java:56) - Checking for broken links
2024-02-13 14:15:04,899  [main] INFO  (BaseClass.java:89) - Taking screenshot for failed test case testScripts.Ethara_artists
2024-02-13 14:15:04,899  [main] INFO  (BaseClass.java:91) - Closing browser
2024-02-13 14:15:34,947  [main] INFO  (BaseClass.java:41) - Setting up Chrome browser
2024-02-13 14:15:37,896  [main] INFO  (BaseClass.java:73) - Landing page is displayed 
2024-02-13 14:15:37,983  [main] INFO  (Ethara_Artists.java:47) - Clicking on Menu from header
2024-02-13 14:15:39,565  [main] INFO  (Ethara_Artists.java:50) - Clicking on Artists menu 
2024-02-13 14:15:39,652  [main] INFO  (Ethara_Artists.java:75) - Cliking on MOre Info CTA
2024-02-13 14:15:40,093  [main] INFO  (Ethara_Artists.java:77) - Getting Page Title Regional Artist Spotlight
2024-02-13 14:15:41,263  [main] INFO  (Ethara_Artists.java:82) - Getting Page Title Regional Artist Spotlight
2024-02-13 14:15:41,291  [main] INFO  (BaseClass.java:91) - Closing browser
2024-02-13 14:16:32,762  [main] INFO  (BaseClass.java:41) - Setting up Chrome browser
2024-02-13 14:16:35,488  [main] INFO  (BaseClass.java:73) - Landing page is displayed 
2024-02-13 14:16:35,577  [main] INFO  (Ethara_Artists.java:47) - Clicking on Menu from header
2024-02-13 14:16:37,194  [main] INFO  (Ethara_Artists.java:50) - Clicking on Artists menu 
2024-02-13 14:16:39,392  [main] INFO  (Ethara_Artists.java:90) - Regional Artist Spotlight
2024-02-13 14:16:39,899  [main] INFO  (BaseClass.java:89) - Taking screenshot for failed test case testScripts.Ethara_artists
2024-02-13 14:16:39,899  [main] INFO  (BaseClass.java:91) - Closing browser
2024-02-13 14:18:53,521  [main] INFO  (BaseClass.java:41) - Setting up Chrome browser
2024-02-13 14:18:55,587  [main] INFO  (BaseClass.java:73) - Landing page is displayed 
2024-02-13 14:18:55,661  [main] INFO  (Ethara_Artists.java:47) - Clicking on Menu from header
2024-02-13 14:18:57,248  [main] INFO  (Ethara_Artists.java:50) - Clicking on Artists menu 
2024-02-13 14:18:59,449  [main] INFO  (Ethara_Artists.java:90) - Regional Artist Spotlight
2024-02-13 14:19:01,605  [main] INFO  (Ethara_Artists.java:113) - No You tube content is present
2024-02-13 14:19:01,610  [main] INFO  (BaseClass.java:91) - Closing browser
2024-02-13 14:31:18,842  [main] INFO  (BaseClass.java:41) - Setting up Chrome browser
2024-02-13 14:31:21,070  [main] INFO  (BaseClass.java:73) - Landing page is displayed 
2024-02-13 14:31:21,170  [main] INFO  (Ethara_Artists.java:52) - Clicking on Menu from header
2024-02-13 14:31:22,758  [main] INFO  (Ethara_Artists.java:55) - Clicking on Artists menu 
2024-02-13 14:31:24,989  [main] INFO  (Ethara_Artists.java:95) - Regional Artist Spotlight
2024-02-13 14:31:28,117  [main] INFO  (BaseClass.java:89) - Taking screenshot for failed test case testScripts.Ethara_artists
2024-02-13 14:31:28,118  [main] INFO  (BaseClass.java:91) - Closing browser
2024-02-13 14:36:16,013  [main] INFO  (BaseClass.java:41) - Setting up Chrome browser
2024-02-13 14:36:18,044  [main] INFO  (BaseClass.java:73) - Landing page is displayed 
2024-02-13 14:36:18,111  [main] INFO  (Ethara_Artists.java:52) - Clicking on Menu from header
2024-02-13 14:36:19,695  [main] INFO  (Ethara_Artists.java:55) - Clicking on Artists menu 
2024-02-13 14:36:21,864  [main] INFO  (Ethara_Artists.java:95) - Regional Artist Spotlight
2024-02-13 14:36:24,554  [main] INFO  (BaseClass.java:89) - Taking screenshot for failed test case testScripts.Ethara_artists
2024-02-13 14:36:24,557  [main] INFO  (BaseClass.java:91) - Closing browser
2024-02-13 14:37:57,555  [main] INFO  (BaseClass.java:41) - Setting up Chrome browser
2024-02-13 14:37:59,637  [main] INFO  (BaseClass.java:73) - Landing page is displayed 
2024-02-13 14:37:59,707  [main] INFO  (Ethara_Artists.java:52) - Clicking on Menu from header
2024-02-13 14:38:01,287  [main] INFO  (Ethara_Artists.java:55) - Clicking on Artists menu 
2024-02-13 14:38:03,503  [main] INFO  (Ethara_Artists.java:95) - Regional Artist Spotlight
2024-02-13 14:38:20,270  [main] INFO  (Ethara_Artists.java:114) - 
2024-02-13 14:38:32,102  [main] INFO  (Ethara_Artists.java:114) - Spotify
2024-02-13 14:38:35,198  [main] INFO  (Ethara_Artists.java:114) - Blu Fiefer
2024-02-13 14:38:38,823  [main] INFO  (Ethara_Artists.java:114) - 
2024-02-13 14:38:42,686  [main] INFO  (Ethara_Artists.java:114) - 
2024-02-13 14:38:44,897  [main] INFO  (Ethara_Artists.java:130) - No You tube content available
2024-02-13 14:38:44,907  [main] INFO  (Ethara_Artists.java:142) - Spotify not available for this artist 
2024-02-13 14:38:44,911  [main] INFO  (BaseClass.java:91) - Closing browser
2024-02-13 14:42:24,354  [main] INFO  (BaseClass.java:41) - Setting up Chrome browser
2024-02-13 14:42:27,574  [main] INFO  (BaseClass.java:73) - Landing page is displayed 
2024-02-13 14:42:27,639  [main] INFO  (Ethara_Artists.java:52) - Clicking on Menu from header
2024-02-13 14:42:29,234  [main] INFO  (Ethara_Artists.java:55) - Clicking on Artists menu 
2024-02-13 14:42:31,459  [main] INFO  (Ethara_Artists.java:95) - Regional Artist Spotlight
2024-02-13 14:42:41,210  [main] INFO  (Ethara_Artists.java:114) - Blu Fiefer - YouTube
2024-02-13 14:42:47,154  [main] INFO  (Ethara_Artists.java:114) - Spotify
2024-02-13 14:42:51,389  [main] INFO  (Ethara_Artists.java:114) - Blu Fiefer
2024-02-13 14:42:55,110  [main] INFO  (Ethara_Artists.java:114) - 
2024-02-13 14:42:58,668  [main] INFO  (Ethara_Artists.java:114) - 
2024-02-13 14:43:01,014  [main] INFO  (Ethara_Artists.java:130) - No You tube content available
2024-02-13 14:43:01,023  [main] INFO  (Ethara_Artists.java:142) - Spotify not available for this artist 
2024-02-13 14:43:01,029  [main] INFO  (BaseClass.java:91) - Closing browser
2024-02-13 14:48:45,817  [main] INFO  (BaseClass.java:41) - Setting up Chrome browser
2024-02-13 14:48:48,042  [main] INFO  (BaseClass.java:73) - Landing page is displayed 
2024-02-13 14:48:48,112  [main] INFO  (Ethara_Artists.java:52) - Clicking on Menu from header
2024-02-13 14:48:49,693  [main] INFO  (Ethara_Artists.java:55) - Clicking on Artists menu 
2024-02-13 14:48:51,914  [main] INFO  (Ethara_Artists.java:95) - Regional Artist Spotlight
2024-02-13 14:48:53,925  [main] INFO  (Ethara_Artists.java:101) - Testing socail media pages of artists
2024-02-13 14:48:59,626  [main] INFO  (Ethara_Artists.java:115) - Blu Fiefer - YouTube
2024-02-13 14:49:08,790  [main] INFO  (Ethara_Artists.java:115) - Spotify
2024-02-13 14:49:16,213  [main] INFO  (Ethara_Artists.java:115) - Blu Fiefer | Facebook
2024-02-13 14:49:20,912  [main] INFO  (Ethara_Artists.java:115) - 
2024-02-13 14:49:28,559  [main] INFO  (Ethara_Artists.java:115) - 
2024-02-13 14:49:33,670  [main] INFO  (Ethara_Artists.java:123) - Testing YouTube iframe
2024-02-13 14:49:34,291  [main] INFO  (BaseClass.java:89) - Taking screenshot for failed test case testScripts.Ethara_artists
2024-02-13 14:49:34,292  [main] INFO  (BaseClass.java:91) - Closing browser
2024-02-13 14:52:35,221  [main] INFO  (BaseClass.java:41) - Setting up Chrome browser
2024-02-13 14:52:37,272  [main] INFO  (BaseClass.java:73) - Landing page is displayed 
2024-02-13 14:52:37,341  [main] INFO  (Ethara_Artists.java:52) - Clicking on Menu from header
2024-02-13 14:52:38,926  [main] INFO  (Ethara_Artists.java:55) - Clicking on Artists menu 
2024-02-13 14:52:41,124  [main] INFO  (Ethara_Artists.java:95) - Regional Artist Spotlight
2024-02-13 14:52:43,143  [main] INFO  (Ethara_Artists.java:101) - Testing socail media pages of artists
2024-02-13 14:52:49,513  [main] INFO  (Ethara_Artists.java:115) - 
2024-02-13 14:53:10,267  [main] INFO  (BaseClass.java:41) - Setting up Chrome browser
2024-02-13 14:53:12,218  [main] INFO  (BaseClass.java:73) - Landing page is displayed 
2024-02-13 14:53:12,298  [main] INFO  (Ethara_Artists.java:50) - Clicking on Menu from header
2024-02-13 14:53:13,893  [main] INFO  (Ethara_Artists.java:53) - Clicking on Artists menu 
2024-02-13 14:53:16,096  [main] INFO  (Ethara_Artists.java:93) - Regional Artist Spotlight
2024-02-13 14:53:18,102  [main] INFO  (Ethara_Artists.java:121) -  YouTube iframe Present
2024-02-13 14:53:18,128  [main] INFO  (Ethara_Artists.java:135) - Testing spotify iframe
2024-02-13 14:53:20,826  [main] INFO  (BaseClass.java:91) - Closing browser
2024-02-13 14:56:07,788  [main] INFO  (BaseClass.java:42) - Setting up Chrome browser
2024-02-13 14:56:10,644  [main] INFO  (BaseClass.java:74) - Landing page is displayed 
2024-02-13 14:56:10,723  [main] INFO  (Ethara_Artists.java:52) - Clicking on Menu from header
2024-02-13 14:56:12,298  [main] INFO  (Ethara_Artists.java:55) - Clicking on Artists menu 
2024-02-13 14:56:12,462  [main] INFO  (Ethara_Artists.java:80) - Cliking on MOre Info CTA
2024-02-13 14:56:12,869  [main] INFO  (Ethara_Artists.java:82) - Getting Page Title Regional Artist Spotlight
2024-02-13 14:56:14,018  [main] INFO  (Ethara_Artists.java:87) - Getting Page Title Regional Artist Spotlight
2024-02-13 14:56:14,040  [main] INFO  (BaseClass.java:92) - Closing browser
2024-02-13 14:57:42,208  [main] INFO  (BaseClass.java:42) - Setting up Chrome browser
2024-02-13 14:57:45,162  [main] INFO  (BaseClass.java:74) - Landing page is displayed 
2024-02-13 14:57:45,227  [main] INFO  (Ethara_Artists.java:52) - Clicking on Menu from header
2024-02-13 14:57:46,816  [main] INFO  (Ethara_Artists.java:55) - Clicking on Artists menu 
2024-02-13 14:57:46,963  [main] INFO  (Ethara_Artists.java:80) - Cliking on MOre Info CTA
2024-02-13 14:57:47,461  [main] INFO  (Ethara_Artists.java:82) - Getting Page Title Regional Artist Spotlight
2024-02-13 14:57:48,465  [main] INFO  (Ethara_Artists.java:86) - Cliking on Read Q&A
2024-02-13 14:57:48,568  [main] INFO  (Ethara_Artists.java:88) - Getting Page Title Regional Artist Spotlight
2024-02-13 14:57:48,643  [main] INFO  (BaseClass.java:92) - Closing browser
2024-02-13 14:58:28,814  [main] INFO  (BaseClass.java:42) - Setting up Chrome browser
2024-02-13 14:58:30,882  [main] INFO  (BaseClass.java:74) - Landing page is displayed 
2024-02-13 14:58:30,948  [main] INFO  (Ethara_Artists.java:52) - Clicking on Menu from header
2024-02-13 14:58:32,524  [main] INFO  (Ethara_Artists.java:55) - Clicking on Artists menu 
2024-02-13 14:58:32,699  [main] INFO  (Ethara_Artists.java:80) - Cliking on MOre Info CTA
2024-02-13 14:58:33,099  [main] INFO  (Ethara_Artists.java:82) - Getting Page Title Regional Artist Spotlight
2024-02-13 14:58:34,100  [main] INFO  (Ethara_Artists.java:86) - Cliking on Read Q&A
2024-02-13 14:58:35,216  [main] INFO  (Ethara_Artists.java:89) - Getting Page Title 
2024-02-13 14:58:35,289  [main] INFO  (BaseClass.java:92) - Closing browser
2024-02-13 15:00:23,305  [main] INFO  (BaseClass.java:41) - Setting up Chrome browser
2024-02-13 15:00:25,354  [main] INFO  (BaseClass.java:73) - Landing page is displayed 
2024-02-13 15:00:26,595  [main] INFO  (BaseClass.java:89) - Taking screenshot for failed test case testScripts.Ethara_artists
2024-02-13 15:00:26,595  [main] INFO  (BaseClass.java:91) - Closing browser
2024-02-13 15:04:43,744  [main] INFO  (BaseClass.java:41) - Setting up Chrome browser
2024-02-13 15:04:47,339  [main] INFO  (BaseClass.java:73) - Landing page is displayed 
2024-02-13 15:04:47,376  [main] INFO  (Ethara_artists.java:16) - Ethara_artists
2024-02-13 15:04:47,412  [main] INFO  (Ethara_Artists.java:52) - Clicking on Menu from header
2024-02-13 15:04:49,005  [main] INFO  (Ethara_Artists.java:55) - Clicking on Artists menu 
2024-02-13 15:04:49,176  [main] INFO  (Ethara_Artists.java:80) - Cliking on MOre Info CTA
2024-02-13 15:04:49,608  [main] INFO  (Ethara_Artists.java:82) - Getting Page Title Regional Artist Spotlight
2024-02-13 15:04:50,621  [main] INFO  (Ethara_Artists.java:86) - Cliking on Read Q&A
2024-02-13 15:04:51,754  [main] INFO  (Ethara_Artists.java:89) - Getting Page Title 
2024-02-13 15:04:51,834  [main] INFO  (BaseClass.java:91) - Closing browser
2024-02-13 15:27:21,135  [main] INFO  (BaseClass.java:41) - Setting up Chrome browser
2024-02-13 15:27:23,033  [main] INFO  (BaseClass.java:73) - Landing page is displayed 
2024-02-13 15:27:23,078  [main] INFO  (Ethara_contact_us.java:18) - testScripts.Ethara_contact_us
2024-02-13 15:27:23,132  [main] INFO  (Ethara_Header.java:98) - Clicking on contact us button ini header
2024-02-13 15:27:24,492  [main] INFO  (BaseClass.java:89) - Taking screenshot for failed test case testScripts.Ethara_contact_us
2024-02-13 15:27:24,493  [main] INFO  (BaseClass.java:91) - Closing browser
2024-02-13 15:28:55,706  [main] INFO  (BaseClass.java:41) - Setting up Chrome browser
2024-02-13 15:28:57,851  [main] INFO  (BaseClass.java:73) - Landing page is displayed 
2024-02-13 15:28:57,887  [main] INFO  (Ethara_contact_us.java:18) - testScripts.Ethara_contact_us
2024-02-13 15:28:57,920  [main] INFO  (Ethara_Header.java:103) - Clicking on contact us button ini header
2024-02-13 15:28:58,122  [main] INFO  (Ethara_Contact_Us.java:99) - Entering Company Name
2024-02-13 15:28:58,372  [main] INFO  (Ethara_Contact_Us.java:105) - Entering Position
2024-02-13 15:28:58,520  [main] INFO  (Ethara_Contact_Us.java:111) - Entering First Name
2024-02-13 15:28:58,647  [main] INFO  (Ethara_Contact_Us.java:115) - Entering Last Name
2024-02-13 15:28:58,745  [main] INFO  (Ethara_Contact_Us.java:122) - Entering Email Address
2024-02-13 15:28:58,885  [main] INFO  (Ethara_Contact_Us.java:128) - Selecting Interests from listed options
2024-02-13 15:28:58,988  [main] INFO  (Ethara_Contact_Us.java:131) - Total interests listed are 12
2024-02-13 15:29:03,166  [main] INFO  (Ethara_Contact_Us.java:148) - Selecting Country Code from listed options
2024-02-13 15:29:03,354  [main] INFO  (Ethara_Contact_Us.java:151) - Total country codes available are 242
2024-02-13 15:36:24,996  [main] INFO  (BaseClass.java:41) - Setting up Chrome browser
2024-02-13 15:36:27,313  [main] INFO  (BaseClass.java:73) - Landing page is displayed 
2024-02-13 15:36:27,357  [main] INFO  (Ethara_artists.java:16) - testScripts.Ethara_artists
2024-02-13 15:36:27,413  [main] INFO  (Ethara_Artists.java:52) - Clicking on Menu from header
2024-02-13 15:36:29,362  [main] INFO  (Ethara_Artists.java:55) - Clicking on Artists menu 
2024-02-13 15:36:29,833  [main] INFO  (Ethara_Artists.java:68) - Artist listing page is displayed 
2024-02-13 15:36:29,879  [main] INFO  (Ethara_Artists.java:95) - Cliking on MOre Info CTA
2024-02-13 15:36:29,951  [main] INFO  (Ethara_Artists.java:97) - Getting Page Title Regional Artist Spotlight
2024-02-13 15:36:30,976  [main] INFO  (Ethara_Artists.java:101) - Cliking on Read Q&A
2024-02-13 15:36:32,093  [main] INFO  (Ethara_Artists.java:104) - Getting Page Title 
2024-02-13 15:36:32,177  [main] INFO  (BaseClass.java:91) - Closing browser
2024-02-13 15:44:41,427  [main] INFO  (BaseClass.java:41) - Setting up Chrome browser
2024-02-13 15:44:43,715  [main] INFO  (BaseClass.java:73) - Landing page is displayed 
2024-02-13 15:44:43,756  [main] INFO  (Ethara_artists.java:16) - testScripts.Ethara_artists
2024-02-13 15:44:43,789  [main] INFO  (Ethara_Artists.java:52) - Clicking on Menu from header
2024-02-13 15:44:45,379  [main] INFO  (Ethara_Artists.java:55) - Clicking on Artists menu 
2024-02-13 15:44:45,909  [main] INFO  (Ethara_Artists.java:68) - Artist listing page is displayed 
2024-02-13 15:44:45,967  [main] INFO  (Ethara_Artists.java:95) - Cliking on MOre Info CTA
2024-02-13 15:44:46,207  [main] INFO  (Ethara_Artists.java:97) - Getting Page Title Regional Artist Spotlight
2024-02-13 15:44:47,216  [main] INFO  (Ethara_Artists.java:101) - Cliking on Read Q&A
2024-02-13 15:44:48,438  [main] INFO  (Ethara_Artists.java:104) - Getting Page Title 
2024-02-13 15:44:48,549  [main] INFO  (BaseClass.java:91) - Closing browser
2024-02-13 15:52:05,378  [main] INFO  (BaseClass.java:44) - Setting up Chrome browser
2024-02-13 15:52:09,777  [main] INFO  (BaseClass.java:76) - Landing page is displayed 
2024-02-13 15:52:09,818  [main] INFO  (Ethara_artists.java:16) - testScripts.Ethara_artists
2024-02-13 15:52:09,867  [main] INFO  (Ethara_Artists.java:52) - Clicking on Menu from header
2024-02-13 15:52:11,525  [main] INFO  (Ethara_Artists.java:55) - Clicking on Artists menu 
2024-02-13 15:52:12,192  [main] INFO  (Ethara_Artists.java:68) - Artist listing page is displayed 
2024-02-13 15:52:12,252  [main] INFO  (Ethara_Artists.java:95) - Cliking on MOre Info CTA
2024-02-13 15:52:12,395  [main] INFO  (Ethara_Artists.java:97) - Getting Page Title Regional Artist Spotlight
2024-02-13 15:52:13,410  [main] INFO  (Ethara_Artists.java:101) - Cliking on Read Q&A
2024-02-13 15:52:14,523  [main] INFO  (Ethara_Artists.java:104) - Getting Page Title Regional Artist Spotlight
2024-02-13 15:52:14,581  [main] INFO  (BaseClass.java:94) - Closing browser
2024-02-13 15:53:51,552  [main] INFO  (BaseClass.java:44) - Setting up Chrome browser
2024-02-13 15:53:56,253  [main] INFO  (BaseClass.java:76) - Landing page is displayed 
2024-02-13 15:53:56,298  [main] INFO  (Ethara_artists.java:16) - testScripts.Ethara_artists
2024-02-13 15:53:56,339  [main] INFO  (Ethara_Artists.java:52) - Clicking on Menu from header
2024-02-13 15:53:57,934  [main] INFO  (Ethara_Artists.java:55) - Clicking on Artists menu 
2024-02-13 15:53:58,477  [main] INFO  (Ethara_Artists.java:68) - Artist listing page is displayed 
2024-02-13 15:53:58,494  [main] INFO  (Ethara_Artists.java:95) - Cliking on MOre Info CTA
2024-02-13 15:53:58,693  [main] INFO  (Ethara_Artists.java:97) - Getting Page Title Regional Artist Spotlight
2024-02-13 15:53:59,707  [main] INFO  (Ethara_Artists.java:101) - Cliking on Read Q&A
2024-02-13 15:54:00,854  [main] INFO  (Ethara_Artists.java:104) - Getting Page Title 
2024-02-13 15:54:01,016  [main] INFO  (BaseClass.java:94) - Closing browser
2024-02-13 15:54:55,540  [main] INFO  (BaseClass.java:44) - Setting up Chrome browser
2024-02-13 15:54:57,391  [main] INFO  (BaseClass.java:76) - Landing page is displayed 
2024-02-13 15:54:57,427  [main] INFO  (Ethara_artists.java:16) - testScripts.Ethara_artists
2024-02-13 15:54:57,474  [main] INFO  (Ethara_Artists.java:52) - Clicking on Menu from header
2024-02-13 15:54:59,060  [main] INFO  (Ethara_Artists.java:55) - Clicking on Artists menu 
2024-02-13 15:54:59,959  [main] INFO  (Ethara_Artists.java:68) - Artist listing page is displayed 
2024-02-13 15:54:59,986  [main] INFO  (Ethara_Artists.java:95) - Cliking on MOre Info CTA
2024-02-13 15:55:00,094  [main] INFO  (Ethara_Artists.java:97) - Getting Page Title Regional Artist Spotlight
2024-02-13 15:55:01,100  [main] INFO  (Ethara_Artists.java:101) - Cliking on Read Q&A
2024-02-13 15:55:02,433  [main] INFO  (Ethara_Artists.java:104) - Getting Page Title Regional Artist Spotlight
2024-02-13 15:55:02,540  [main] INFO  (BaseClass.java:94) - Closing browser
2024-02-13 15:59:20,673  [main] INFO  (BaseClass.java:44) - Setting up Chrome browser
2024-02-13 15:59:29,059  [main] INFO  (BaseClass.java:76) - Landing page is displayed 
2024-02-13 15:59:29,090  [main] INFO  (Ethara_artists.java:16) - testScripts.Ethara_artists
2024-02-13 15:59:29,125  [main] INFO  (Ethara_Artists.java:52) - Clicking on Menu from header
2024-02-13 15:59:30,719  [main] INFO  (Ethara_Artists.java:55) - Clicking on Artists menu 
2024-02-13 15:59:31,215  [main] INFO  (Ethara_Artists.java:68) - Artist listing page is displayed 
2024-02-13 15:59:31,254  [main] INFO  (Ethara_Artists.java:95) - Cliking on MOre Info CTA
2024-02-13 15:59:31,372  [main] INFO  (Ethara_Artists.java:97) - Getting Page Title Regional Artist Spotlight
2024-02-13 15:59:32,382  [main] INFO  (Ethara_Artists.java:101) - Cliking on Read Q&A
2024-02-13 15:59:33,511  [main] INFO  (Ethara_Artists.java:104) - Getting Page Title 
2024-02-13 15:59:33,637  [main] INFO  (BaseClass.java:94) - Closing browser
2024-02-13 16:16:14,800  [main] INFO  (BaseClass.java:44) - Setting up Chrome browser
2024-02-13 16:16:19,045  [main] INFO  (BaseClass.java:76) - Landing page is displayed 
2024-02-13 16:16:19,082  [main] INFO  (Ethara_artists.java:16) - testScripts.Ethara_artists
2024-02-13 16:16:19,119  [main] INFO  (Ethara_Artists.java:52) - Clicking on Menu from header
2024-02-13 16:16:20,718  [main] INFO  (Ethara_Artists.java:55) - Clicking on Artists menu 
2024-02-13 16:16:21,015  [main] INFO  (Ethara_Artists.java:68) - Artist listing page is displayed 
2024-02-13 16:16:21,105  [main] INFO  (Ethara_Artists.java:95) - Cliking on MOre Info CTA
2024-02-13 16:16:21,192  [main] INFO  (Ethara_Artists.java:97) - Getting Page Title Regional Artist Spotlight
2024-02-13 16:16:22,195  [main] INFO  (Ethara_Artists.java:101) - Cliking on Read Q&A
2024-02-13 16:16:23,324  [main] INFO  (Ethara_Artists.java:104) - Getting Page Title Regional Artist Spotlight
2024-02-13 16:16:23,372  [main] INFO  (BaseClass.java:94) - Closing browser
2024-02-13 16:21:54,067  [main] INFO  (BaseClass.java:43) - Setting up Chrome browser
2024-02-13 16:22:01,525  [main] INFO  (BaseClass.java:75) - Landing page is displayed 
2024-02-13 16:22:01,553  [main] INFO  (listners.java:12) - Executing Test :artists_listing_page_tc
2024-02-13 16:22:01,563  [main] INFO  (Ethara_artists.java:16) - testScripts.Ethara_artists
2024-02-13 16:22:01,601  [main] INFO  (Ethara_Artists.java:52) - Clicking on Menu from header
2024-02-13 16:22:03,195  [main] INFO  (Ethara_Artists.java:55) - Clicking on Artists menu 
2024-02-13 16:22:03,678  [main] INFO  (Ethara_Artists.java:68) - Artist listing page is displayed 
2024-02-13 16:22:03,738  [main] INFO  (Ethara_Artists.java:95) - Cliking on MOre Info CTA
2024-02-13 16:22:03,857  [main] INFO  (Ethara_Artists.java:97) - Getting Page Title Regional Artist Spotlight
2024-02-13 16:22:04,859  [main] INFO  (Ethara_Artists.java:101) - Cliking on Read Q&A
2024-02-13 16:22:05,967  [main] INFO  (Ethara_Artists.java:104) - Getting Page Title Regional Artist Spotlight
2024-02-13 16:22:05,997  [main] INFO  (BaseClass.java:93) - Closing browser
2024-02-13 16:24:17,362  [main] INFO  (BaseClass.java:43) - Setting up Chrome browser
2024-02-13 16:24:21,348  [main] INFO  (BaseClass.java:75) - Landing page is displayed 
2024-02-13 16:24:21,381  [main] INFO  (listners.java:12) - Executing Test :artists_listing_page_tc
2024-02-13 16:24:21,389  [main] INFO  (Ethara_artists.java:16) - testScripts.Ethara_artists
2024-02-13 16:24:21,481  [main] INFO  (Ethara_Artists.java:52) - Clicking on Menu from header
2024-02-13 16:24:23,083  [main] INFO  (Ethara_Artists.java:55) - Clicking on Artists menu 
2024-02-13 16:24:23,721  [main] INFO  (Ethara_Artists.java:68) - Artist listing page is displayed 
2024-02-13 16:24:23,765  [main] INFO  (Ethara_Artists.java:95) - Cliking on MOre Info CTA
2024-02-13 16:24:23,886  [main] INFO  (Ethara_Artists.java:97) - Getting Page Title Regional Artist Spotlight
2024-02-13 16:24:24,889  [main] INFO  (Ethara_Artists.java:101) - Cliking on Read Q&A
2024-02-13 16:24:25,995  [main] INFO  (Ethara_Artists.java:104) - Getting Page Title 
2024-02-13 16:24:26,093  [main] INFO  (BaseClass.java:93) - Closing browser
2024-02-13 16:25:16,578  [main] INFO  (BaseClass.java:43) - Setting up Chrome browser
2024-02-13 16:25:18,687  [main] INFO  (BaseClass.java:75) - Landing page is displayed 
2024-02-13 16:25:18,720  [main] INFO  (listners.java:12) - Executing Test :null
2024-02-13 16:25:18,734  [main] INFO  (Ethara_artists.java:16) - testScripts.Ethara_artists
2024-02-13 16:25:18,787  [main] INFO  (Ethara_Artists.java:52) - Clicking on Menu from header
2024-02-13 16:25:20,386  [main] INFO  (Ethara_Artists.java:55) - Clicking on Artists menu 
2024-02-13 16:25:20,657  [main] INFO  (Ethara_Artists.java:68) - Artist listing page is displayed 
2024-02-13 16:25:20,688  [main] INFO  (Ethara_Artists.java:95) - Cliking on MOre Info CTA
2024-02-13 16:25:24,051  [main] INFO  (Ethara_Artists.java:97) - Getting Page Title Regional Artist Spotlight
2024-02-13 16:25:25,052  [main] INFO  (Ethara_Artists.java:101) - Cliking on Read Q&A
2024-02-13 16:25:26,625  [main] INFO  (Ethara_Artists.java:104) - Getting Page Title Regional Artist Spotlight
2024-02-13 16:25:26,690  [main] INFO  (BaseClass.java:93) - Closing browser
2024-02-13 16:26:13,874  [main] INFO  (BaseClass.java:43) - Setting up Chrome browser
2024-02-13 16:26:16,738  [main] INFO  (BaseClass.java:75) - Landing page is displayed 
2024-02-13 16:26:16,770  [main] INFO  (listners.java:12) - Executing Test :artists_listing_page_tc
2024-02-13 16:26:16,779  [main] INFO  (Ethara_artists.java:16) - testScripts.Ethara_artists
2024-02-13 16:26:16,829  [main] INFO  (Ethara_Artists.java:52) - Clicking on Menu from header
2024-02-13 16:26:18,457  [main] INFO  (Ethara_Artists.java:55) - Clicking on Artists menu 
2024-02-13 16:26:18,805  [main] INFO  (Ethara_Artists.java:68) - Artist listing page is displayed 
2024-02-13 16:26:18,924  [main] INFO  (Ethara_Artists.java:95) - Cliking on MOre Info CTA
2024-02-13 16:26:19,085  [main] INFO  (Ethara_Artists.java:97) - Getting Page Title Regional Artist Spotlight
2024-02-13 16:26:20,086  [main] INFO  (Ethara_Artists.java:101) - Cliking on Read Q&A
2024-02-13 16:26:21,220  [main] INFO  (Ethara_Artists.java:104) - Getting Page Title 
2024-02-13 16:26:21,319  [main] INFO  (BaseClass.java:93) - Closing browser
2024-02-13 16:27:07,555  [main] INFO  (BaseClass.java:43) - Setting up Chrome browser
2024-02-13 16:27:20,216  [main] INFO  (BaseClass.java:75) - Landing page is displayed 
2024-02-13 16:27:20,241  [main] INFO  (listners.java:12) - Executing Test :artists_listing_page_tc
2024-02-13 16:27:20,253  [main] INFO  (Ethara_artists.java:16) - testScripts.Ethara_artists
2024-02-13 16:27:20,307  [main] INFO  (Ethara_Artists.java:52) - Clicking on Menu from header
2024-02-13 16:27:21,896  [main] INFO  (Ethara_Artists.java:55) - Clicking on Artists menu 
2024-02-13 16:27:22,229  [main] INFO  (Ethara_Artists.java:68) - Artist listing page is displayed 
2024-02-13 16:27:22,505  [main] INFO  (Ethara_Artists.java:95) - Cliking on MOre Info CTA
2024-02-13 16:27:22,591  [main] INFO  (Ethara_Artists.java:97) - Getting Page Title Regional Artist Spotlight
2024-02-13 16:27:23,593  [main] INFO  (Ethara_Artists.java:101) - Cliking on Read Q&A
2024-02-13 16:27:24,724  [main] INFO  (Ethara_Artists.java:104) - Getting Page Title 
2024-02-13 16:27:24,827  [main] INFO  (BaseClass.java:93) - Closing browser
2024-02-13 16:31:06,848  [main] INFO  (BaseClass.java:43) - Setting up Chrome browser
2024-02-13 16:31:12,538  [main] INFO  (BaseClass.java:75) - Landing page is displayed 
2024-02-13 16:31:12,589  [main] INFO  (listners.java:12) - Executing Test :null
2024-02-13 16:31:12,600  [main] INFO  (Ethara_artists.java:16) - testScripts.Ethara_artists
2024-02-13 16:31:12,639  [main] INFO  (Ethara_Artists.java:52) - Clicking on Menu from header
2024-02-13 16:31:14,224  [main] INFO  (Ethara_Artists.java:55) - Clicking on Artists menu 
2024-02-13 16:31:14,745  [main] INFO  (Ethara_Artists.java:68) - Artist listing page is displayed 
2024-02-13 16:31:14,786  [main] INFO  (Ethara_Artists.java:95) - Cliking on MOre Info CTA
2024-02-13 16:31:14,885  [main] INFO  (Ethara_Artists.java:97) - Getting Page Title Regional Artist Spotlight
2024-02-13 16:31:15,896  [main] INFO  (Ethara_Artists.java:101) - Cliking on Read Q&A
2024-02-13 16:31:17,022  [main] INFO  (Ethara_Artists.java:104) - Getting Page Title Regional Artist Spotlight
2024-02-13 16:31:17,051  [main] INFO  (BaseClass.java:93) - Closing browser
2024-02-13 16:34:59,087  [main] INFO  (BaseClass.java:43) - Setting up Chrome browser
2024-02-13 16:35:03,006  [main] INFO  (BaseClass.java:75) - Landing page is displayed 
2024-02-13 16:35:03,028  [main] INFO  (listners.java:12) - Executing Test :null
2024-02-13 16:35:03,037  [main] INFO  (Ethara_artists.java:32) - testScripts.Ethara_artists
2024-02-13 16:35:03,065  [main] INFO  (Ethara_Artists.java:52) - Clicking on Menu from header
2024-02-13 16:35:04,656  [main] INFO  (Ethara_Artists.java:55) - Clicking on Artists menu 
2024-02-13 16:35:05,155  [main] INFO  (Ethara_Artists.java:68) - Artist listing page is displayed 
2024-02-13 16:35:07,243  [main] INFO  (Ethara_Artists.java:113) - Regional Artist Spotlight
2024-02-13 16:35:09,671  [main] INFO  (Ethara_Artists.java:129) - Testing socail media pages of artists
2024-02-13 16:35:53,951  [main] INFO  (BaseClass.java:43) - Setting up Chrome browser
2024-02-13 16:35:57,517  [main] INFO  (BaseClass.java:75) - Landing page is displayed 
2024-02-13 16:35:57,547  [main] INFO  (listners.java:12) - Executing Test :[TestClass name=class testScripts.Ethara_artists]
2024-02-13 16:35:57,561  [main] INFO  (Ethara_artists.java:16) - testScripts.Ethara_artists
2024-02-13 16:35:57,649  [main] INFO  (Ethara_Artists.java:52) - Clicking on Menu from header
2024-02-13 16:35:59,251  [main] INFO  (Ethara_Artists.java:55) - Clicking on Artists menu 
2024-02-13 16:35:59,813  [main] INFO  (Ethara_Artists.java:68) - Artist listing page is displayed 
2024-02-13 16:35:59,846  [main] INFO  (Ethara_Artists.java:95) - Cliking on MOre Info CTA
2024-02-13 16:35:59,930  [main] INFO  (Ethara_Artists.java:97) - Getting Page Title Regional Artist Spotlight
2024-02-13 16:36:00,935  [main] INFO  (Ethara_Artists.java:101) - Cliking on Read Q&A
2024-02-13 16:36:02,035  [main] INFO  (Ethara_Artists.java:104) - Getting Page Title 
2024-02-13 16:36:02,231  [main] INFO  (BaseClass.java:93) - Closing browser
2024-02-13 16:36:41,074  [main] INFO  (BaseClass.java:43) - Setting up Chrome browser
2024-02-13 16:37:19,336  [main] INFO  (BaseClass.java:43) - Setting up Chrome browser
2024-02-13 16:37:22,849  [main] INFO  (BaseClass.java:75) - Landing page is displayed 
2024-02-13 16:37:22,880  [main] INFO  (listners.java:12) - Executing Test :Validation of artisit listing page
2024-02-13 16:37:22,892  [main] INFO  (Ethara_artists.java:16) - testScripts.Ethara_artists
2024-02-13 16:37:22,938  [main] INFO  (Ethara_Artists.java:52) - Clicking on Menu from header
2024-02-13 16:37:24,546  [main] INFO  (Ethara_Artists.java:55) - Clicking on Artists menu 
2024-02-13 16:37:24,862  [main] INFO  (Ethara_Artists.java:68) - Artist listing page is displayed 
2024-02-13 16:37:24,938  [main] INFO  (Ethara_Artists.java:95) - Cliking on MOre Info CTA
2024-02-13 16:37:25,098  [main] INFO  (Ethara_Artists.java:97) - Getting Page Title Regional Artist Spotlight
2024-02-13 16:37:26,126  [main] INFO  (Ethara_Artists.java:101) - Cliking on Read Q&A
2024-02-13 16:37:27,249  [main] INFO  (Ethara_Artists.java:104) - Getting Page Title Regional Artist Spotlight
2024-02-13 16:37:27,281  [main] INFO  (BaseClass.java:93) - Closing browser
2024-02-13 16:38:29,543  [main] INFO  (BaseClass.java:43) - Setting up Chrome browser
2024-02-13 16:38:40,241  [main] INFO  (BaseClass.java:75) - Landing page is displayed 
2024-02-13 16:38:40,345  [main] INFO  (listners.java:12) - Executing Test :org.testng.TestRunner@14ac77b9
2024-02-13 16:38:40,391  [main] INFO  (Ethara_artists.java:16) - testScripts.Ethara_artists
2024-02-13 16:38:40,480  [main] INFO  (Ethara_Artists.java:52) - Clicking on Menu from header
2024-02-13 16:38:42,091  [main] INFO  (Ethara_Artists.java:55) - Clicking on Artists menu 
2024-02-13 16:38:42,440  [main] INFO  (Ethara_Artists.java:68) - Artist listing page is displayed 
2024-02-13 16:38:42,504  [main] INFO  (Ethara_Artists.java:95) - Cliking on MOre Info CTA
2024-02-13 16:38:42,601  [main] INFO  (Ethara_Artists.java:97) - Getting Page Title Regional Artist Spotlight
2024-02-13 16:38:43,604  [main] INFO  (Ethara_Artists.java:101) - Cliking on Read Q&A
2024-02-13 16:38:44,697  [main] INFO  (Ethara_Artists.java:104) - Getting Page Title Regional Artist Spotlight
2024-02-13 16:38:44,739  [main] INFO  (BaseClass.java:93) - Closing browser
2024-02-13 16:38:57,357  [main] INFO  (BaseClass.java:43) - Setting up Chrome browser
2024-02-13 16:38:59,788  [main] INFO  (BaseClass.java:75) - Landing page is displayed 
2024-02-13 16:38:59,824  [main] INFO  (listners.java:12) - Executing Test :null
2024-02-13 16:38:59,838  [main] INFO  (Ethara_artists.java:16) - testScripts.Ethara_artists
2024-02-13 16:38:59,883  [main] INFO  (Ethara_Artists.java:52) - Clicking on Menu from header
2024-02-13 16:39:01,652  [main] INFO  (Ethara_Artists.java:55) - Clicking on Artists menu 
2024-02-13 16:39:02,108  [main] INFO  (Ethara_Artists.java:68) - Artist listing page is displayed 
2024-02-13 16:39:02,169  [main] INFO  (Ethara_Artists.java:95) - Cliking on MOre Info CTA
2024-02-13 16:39:02,257  [main] INFO  (Ethara_Artists.java:97) - Getting Page Title Regional Artist Spotlight
2024-02-13 16:39:03,267  [main] INFO  (Ethara_Artists.java:101) - Cliking on Read Q&A
2024-02-13 16:39:04,391  [main] INFO  (Ethara_Artists.java:104) - Getting Page Title Regional Artist Spotlight
2024-02-13 16:39:04,430  [main] INFO  (BaseClass.java:93) - Closing browser
2024-02-13 16:41:26,538  [main] INFO  (BaseClass.java:43) - Setting up Chrome browser
2024-02-13 16:41:29,959  [main] INFO  (BaseClass.java:75) - Landing page is displayed 
2024-02-13 16:41:29,988  [main] INFO  (listners.java:12) - Executing Test :artists_listing_page_tc
2024-02-13 16:41:30,017  [main] INFO  (Ethara_artists.java:16) - testScripts.Ethara_artists
2024-02-13 16:41:30,070  [main] INFO  (Ethara_Artists.java:52) - Clicking on Menu from header
2024-02-13 16:41:31,674  [main] INFO  (Ethara_Artists.java:55) - Clicking on Artists menu 
2024-02-13 16:41:32,345  [main] INFO  (Ethara_Artists.java:68) - Artist listing page is displayed 
2024-02-13 16:41:32,389  [main] INFO  (Ethara_Artists.java:95) - Cliking on MOre Info CTA
2024-02-13 16:41:32,509  [main] INFO  (Ethara_Artists.java:97) - Getting Page Title Regional Artist Spotlight
2024-02-13 16:41:33,524  [main] INFO  (Ethara_Artists.java:101) - Cliking on Read Q&A
2024-02-13 16:41:34,640  [main] INFO  (Ethara_Artists.java:104) - Getting Page Title 
2024-02-13 16:41:34,749  [main] INFO  (BaseClass.java:93) - Closing browser
2024-02-13 16:43:10,779  [main] INFO  (BaseClass.java:43) - Setting up Chrome browser
2024-02-13 16:43:33,605  [main] INFO  (BaseClass.java:43) - Setting up Chrome browser
2024-02-13 16:43:40,578  [main] INFO  (BaseClass.java:75) - Landing page is displayed 
2024-02-13 16:43:40,610  [main] INFO  (listners.java:12) - Executing Test :null
2024-02-13 16:43:40,619  [main] INFO  (Ethara_artists.java:16) - testScripts.Ethara_artists
2024-02-13 16:43:40,654  [main] INFO  (Ethara_Artists.java:52) - Clicking on Menu from header
2024-02-13 16:43:42,248  [main] INFO  (Ethara_Artists.java:55) - Clicking on Artists menu 
2024-02-13 16:43:42,768  [main] INFO  (Ethara_Artists.java:68) - Artist listing page is displayed 
2024-02-13 16:43:42,802  [main] INFO  (Ethara_Artists.java:95) - Cliking on MOre Info CTA
2024-02-13 16:43:42,905  [main] INFO  (Ethara_Artists.java:97) - Getting Page Title Regional Artist Spotlight
2024-02-13 16:43:43,915  [main] INFO  (Ethara_Artists.java:101) - Cliking on Read Q&A
2024-02-13 16:43:45,081  [main] INFO  (Ethara_Artists.java:104) - Getting Page Title 
2024-02-13 16:43:45,299  [main] INFO  (BaseClass.java:93) - Closing browser
2024-02-13 16:45:58,065  [main] INFO  (BaseClass.java:43) - Setting up Chrome browser
2024-02-13 16:46:00,583  [main] INFO  (BaseClass.java:75) - Landing page is displayed 
2024-02-13 16:46:02,037  [main] INFO  (BaseClass.java:91) - Taking screenshot for failed test case testScripts.Ethara_artists
2024-02-13 16:46:02,038  [main] INFO  (BaseClass.java:93) - Closing browser
2024-02-13 16:46:09,920  [main] INFO  (BaseClass.java:43) - Setting up Chrome browser
2024-02-13 16:46:12,136  [main] INFO  (BaseClass.java:75) - Landing page is displayed 
2024-02-13 16:46:12,160  [main] INFO  (listners.java:12) - Executing Test :null
2024-02-13 16:46:12,161  [main] INFO  (listners.java:13) - Executre Test : org.testng.internal.TestResult
2024-02-13 16:46:12,161  [main] INFO  (listners.java:14) - Executre Test : artists_listing_page_tc
2024-02-13 16:46:12,162  [main] INFO  (listners.java:15) - Executre Test : artists_listing_page_tc
2024-02-13 16:46:12,173  [main] INFO  (Ethara_artists.java:16) - testScripts.Ethara_artists
2024-02-13 16:46:12,206  [main] INFO  (Ethara_Artists.java:52) - Clicking on Menu from header
2024-02-13 16:46:13,787  [main] INFO  (Ethara_Artists.java:55) - Clicking on Artists menu 
2024-02-13 16:46:14,122  [main] INFO  (Ethara_Artists.java:68) - Artist listing page is displayed 
2024-02-13 16:46:14,210  [main] INFO  (Ethara_Artists.java:95) - Cliking on MOre Info CTA
2024-02-13 16:46:14,382  [main] INFO  (Ethara_Artists.java:97) - Getting Page Title Regional Artist Spotlight
2024-02-13 16:46:15,390  [main] INFO  (Ethara_Artists.java:101) - Cliking on Read Q&A
2024-02-13 16:46:16,495  [main] INFO  (Ethara_Artists.java:104) - Getting Page Title 
2024-02-13 16:46:16,576  [main] INFO  (BaseClass.java:93) - Closing browser
2024-02-13 16:58:29,540  [main] INFO  (BaseClass.java:43) - Setting up Chrome browser
2024-02-13 16:58:31,962  [main] INFO  (BaseClass.java:75) - Landing page is displayed 
2024-02-13 16:58:31,990  [main] INFO  (listners.java:12) - Executing Test :null
2024-02-13 16:58:31,991  [main] INFO  (listners.java:13) - Executre Test : org.testng.internal.TestResult
2024-02-13 16:58:31,991  [main] INFO  (listners.java:14) - Executre Test : artists_listing_page_tc
2024-02-13 16:58:31,993  [main] INFO  (listners.java:15) - Executre Test : artists_listing_page_tc
2024-02-13 16:58:31,993  [main] INFO  (listners.java:16) - Execute Test : Validation of Artist Listing Page
2024-02-13 16:58:32,002  [main] INFO  (Ethara_artists.java:16) - testScripts.Ethara_artists
2024-02-13 16:58:32,049  [main] INFO  (Ethara_Artists.java:52) - Clicking on Menu from header
2024-02-13 16:58:33,642  [main] INFO  (Ethara_Artists.java:55) - Clicking on Artists menu 
2024-02-13 16:58:34,244  [main] INFO  (Ethara_Artists.java:68) - Artist listing page is displayed 
2024-02-13 16:58:34,279  [main] INFO  (Ethara_Artists.java:95) - Cliking on MOre Info CTA
2024-02-13 16:58:34,420  [main] INFO  (Ethara_Artists.java:97) - Getting Page Title Regional Artist Spotlight
2024-02-13 16:58:35,434  [main] INFO  (Ethara_Artists.java:101) - Cliking on Read Q&A
2024-02-13 16:58:36,718  [main] INFO  (Ethara_Artists.java:104) - Getting Page Title 
2024-02-13 16:58:36,900  [main] INFO  (BaseClass.java:93) - Closing browser
2024-02-13 18:04:14,611  [main] INFO  (BaseClass.java:43) - Setting up Chrome browser
2024-02-13 18:04:16,467  [main] INFO  (BaseClass.java:75) - Landing page is displayed 
2024-02-13 18:04:16,497  [main] INFO  (testListners.java:13) - Running Test : artists_listing_page_tc
2024-02-13 18:04:16,560  [main] INFO  (Ethara_Artists.java:52) - Clicking on Menu from header
2024-02-13 18:04:18,154  [main] INFO  (Ethara_Artists.java:55) - Clicking on Artists menu 
2024-02-13 18:04:18,859  [main] INFO  (Ethara_Artists.java:68) - Artist listing page is displayed 
2024-02-13 18:04:18,886  [main] INFO  (Ethara_Artists.java:95) - Cliking on MOre Info CTA
2024-02-13 18:04:19,042  [main] INFO  (Ethara_Artists.java:97) - Getting Page Title Regional Artist Spotlight
2024-02-13 18:04:20,045  [main] INFO  (Ethara_Artists.java:101) - Cliking on Read Q&A
2024-02-13 18:04:21,269  [main] INFO  (Ethara_Artists.java:104) - Getting Page Title 
2024-02-13 18:04:21,393  [main] INFO  (BaseClass.java:93) - Closing browser
2024-02-13 18:06:04,996  [main] INFO  (BaseClass.java:43) - Setting up Chrome browser
2024-02-13 18:06:07,821  [main] INFO  (BaseClass.java:75) - Landing page is displayed 
2024-02-13 18:06:07,851  [main] INFO  (testListners.java:13) - Running Test : Validation of Artist Listing Page
2024-02-13 18:06:07,916  [main] INFO  (Ethara_Artists.java:52) - Clicking on Menu from header
2024-02-13 18:06:09,539  [main] INFO  (Ethara_Artists.java:55) - Clicking on Artists menu 
2024-02-13 18:06:10,059  [main] INFO  (Ethara_Artists.java:68) - Artist listing page is displayed 
2024-02-13 18:06:10,087  [main] INFO  (Ethara_Artists.java:95) - Cliking on MOre Info CTA
2024-02-13 18:06:10,278  [main] INFO  (Ethara_Artists.java:97) - Getting Page Title Regional Artist Spotlight
2024-02-13 18:06:11,294  [main] INFO  (Ethara_Artists.java:101) - Cliking on Read Q&A
2024-02-13 18:06:12,425  [main] INFO  (Ethara_Artists.java:104) - Getting Page Title 
2024-02-13 18:06:12,527  [main] INFO  (testListners.java:17) - Test Case null  is Passed
2024-02-13 18:06:12,535  [main] INFO  (BaseClass.java:93) - Closing browser
2024-02-13 18:08:36,860  [main] INFO  (BaseClass.java:43) - Setting up Chrome browser
2024-02-13 18:08:38,945  [main] INFO  (BaseClass.java:75) - Landing page is displayed 
2024-02-13 18:08:39,007  [main] INFO  (testListners.java:13) - Running Test : Validation of Artist Listing Page
2024-02-13 18:08:39,075  [main] INFO  (Ethara_Artists.java:52) - Clicking on Menu from header
2024-02-13 18:08:40,668  [main] INFO  (Ethara_Artists.java:55) - Clicking on Artists menu 
2024-02-13 18:08:41,073  [main] INFO  (Ethara_Artists.java:68) - Artist listing page is displayed 
2024-02-13 18:08:41,202  [main] INFO  (Ethara_Artists.java:95) - Cliking on MOre Info CTA
2024-02-13 18:08:41,393  [main] INFO  (Ethara_Artists.java:97) - Getting Page Title Regional Artist Spotlight
2024-02-13 18:08:42,394  [main] INFO  (Ethara_Artists.java:101) - Cliking on Read Q&A
2024-02-13 18:08:43,533  [main] INFO  (Ethara_Artists.java:104) - Getting Page Title 
2024-02-13 18:08:43,613  [main] INFO  (testListners.java:17) - [Test Passed] Validation of Artist Listing Page
2024-02-13 18:08:43,625  [main] INFO  (BaseClass.java:93) - Closing browser
2024-02-13 18:11:39,210  [main] INFO  (BaseClass.java:43) - Setting up Chrome browser
2024-02-13 18:11:41,591  [main] INFO  (BaseClass.java:75) - Landing page is displayed 
2024-02-13 18:11:41,616  [main] INFO  (testListners.java:13) - [Running Test] :- Validation of Contact us business form
2024-02-13 18:11:41,676  [main] INFO  (Ethara_Header.java:103) - Clicking on contact us button ini header
2024-02-13 18:11:41,805  [main] INFO  (Ethara_Contact_Us.java:99) - Entering Company Name
2024-02-13 18:11:42,209  [main] INFO  (Ethara_Contact_Us.java:105) - Entering Position
2024-02-13 18:11:42,561  [main] INFO  (Ethara_Contact_Us.java:111) - Entering First Name
2024-02-13 18:11:42,805  [main] INFO  (Ethara_Contact_Us.java:115) - Entering Last Name
2024-02-13 18:11:42,977  [main] INFO  (Ethara_Contact_Us.java:122) - Entering Email Address
2024-02-13 18:11:43,312  [main] INFO  (Ethara_Contact_Us.java:128) - Selecting Interests from listed options
2024-02-13 18:11:43,468  [main] INFO  (Ethara_Contact_Us.java:131) - Total interests listed are 12
2024-02-13 18:11:47,622  [main] INFO  (Ethara_Contact_Us.java:148) - Selecting Country Code from listed options
2024-02-13 18:11:47,821  [main] INFO  (Ethara_Contact_Us.java:151) - Total country codes available are 242
2024-02-13 18:11:51,934  [main] INFO  (Ethara_Contact_Us.java:176) - Enter Mobile Number
2024-02-13 18:11:54,071  [main] INFO  (Ethara_Contact_Us.java:183) - Selecting Country from listed options
2024-02-13 18:11:54,227  [main] INFO  (Ethara_Contact_Us.java:186) - Total No of countries are 197
2024-02-13 18:12:01,201  [main] INFO  (Ethara_Contact_Us.java:200) - Selecting Emirates 
2024-02-13 18:12:03,379  [main] INFO  (Ethara_Contact_Us.java:236) - Checking for CAPTCHA
2024-02-13 18:12:23,451  [main] ERROR (testListners.java:21) - [Test Failed] :- Validation of Contact us business form
2024-02-13 18:12:23,649  [main] INFO  (BaseClass.java:91) - Taking screenshot for failed test case testScripts.Ethara_contact_us
2024-02-13 18:12:23,649  [main] INFO  (BaseClass.java:93) - Closing browser
2024-02-13 18:12:23,827  [main] INFO  (testListners.java:13) - [Running Test] :- Validation of Contact us Personal form Error Message
2024-02-13 18:12:23,836  [main] INFO  (Ethara_Header.java:103) - Clicking on contact us button ini header
2024-02-13 18:12:23,940  [main] ERROR (testListners.java:21) - [Test Failed] :- Validation of Contact us Personal form Error Message
2024-02-13 18:12:23,956  [main] INFO  (testListners.java:13) - [Running Test] :- Validation of Contact us Personal form
2024-02-13 18:12:23,962  [main] ERROR (testListners.java:25) - [Test Skipped] :- Validation of Contact us Personal form
2024-02-13 18:15:38,493  [main] INFO  (BaseClass.java:43) - Setting up Chrome browser
2024-02-13 18:15:40,617  [main] INFO  (BaseClass.java:75) - Landing page is displayed 
2024-02-13 18:15:40,642  [main] INFO  (testListners.java:13) - [Running Test] :- Validation of Contact us business form
2024-02-13 18:15:40,701  [main] INFO  (Ethara_Header.java:103) - Clicking on contact us button ini header
2024-02-13 18:15:40,872  [main] INFO  (Ethara_Contact_Us.java:99) - Entering Company Name
2024-02-13 18:15:41,271  [main] INFO  (Ethara_Contact_Us.java:105) - Entering Position
2024-02-13 18:15:41,452  [main] INFO  (Ethara_Contact_Us.java:111) - Entering First Name
2024-02-13 18:15:41,597  [main] INFO  (Ethara_Contact_Us.java:115) - Entering Last Name
2024-02-13 18:15:41,736  [main] INFO  (Ethara_Contact_Us.java:122) - Entering Email Address
2024-02-13 18:15:41,868  [main] INFO  (Ethara_Contact_Us.java:128) - Selecting Interests from listed options
2024-02-13 18:15:42,000  [main] INFO  (Ethara_Contact_Us.java:131) - Total interests listed are 12
2024-02-13 18:15:46,170  [main] INFO  (Ethara_Contact_Us.java:148) - Selecting Country Code from listed options
2024-02-13 18:15:46,392  [main] INFO  (Ethara_Contact_Us.java:151) - Total country codes available are 242
2024-02-13 18:15:50,504  [main] INFO  (Ethara_Contact_Us.java:176) - Enter Mobile Number
2024-02-13 18:15:52,638  [main] INFO  (Ethara_Contact_Us.java:183) - Selecting Country from listed options
2024-02-13 18:15:52,785  [main] INFO  (Ethara_Contact_Us.java:186) - Total No of countries are 197
2024-02-13 18:16:00,228  [main] INFO  (Ethara_Contact_Us.java:200) - Selecting Emirates 
2024-02-13 18:16:02,488  [main] INFO  (Ethara_Contact_Us.java:236) - Checking for CAPTCHA
2024-02-13 18:16:22,554  [main] ERROR (testListners.java:21) - [Test Failed] :- Validation of Contact us business form
2024-02-13 18:16:22,823  [main] INFO  (BaseClass.java:91) - Taking screenshot for failed test case testScripts.Ethara_contact_us
2024-02-13 18:16:22,823  [main] INFO  (BaseClass.java:93) - Closing browser
2024-02-13 18:16:23,040  [main] INFO  (testListners.java:13) - [Running Test] :- Validation of Contact us Personal form Error Message
2024-02-13 18:16:23,043  [main] INFO  (Ethara_Header.java:103) - Clicking on contact us button ini header
2024-02-13 18:16:23,162  [main] ERROR (testListners.java:21) - [Test Failed] :- Validation of Contact us Personal form Error Message
2024-02-13 18:16:23,181  [main] INFO  (testListners.java:13) - [Running Test] :- Validation of Contact us Personal form
2024-02-13 18:16:23,188  [main] ERROR (testListners.java:25) - [Test Skipped] :- Validation of Contact us Personal form
2024-02-13 18:18:56,924  [main] INFO  (BaseClass.java:43) - Setting up Chrome browser
2024-02-13 18:18:59,919  [main] INFO  (BaseClass.java:75) - Landing page is displayed 
2024-02-13 18:18:59,951  [main] INFO  (testListners.java:13) - [Running Test] :- Validation of Contact us business form
2024-02-13 18:19:00,016  [main] INFO  (Ethara_Header.java:103) - Clicking on contact us button ini header
2024-02-13 18:19:00,207  [main] INFO  (Ethara_Contact_Us.java:99) - Entering Company Name
2024-02-13 18:19:00,707  [main] INFO  (Ethara_Contact_Us.java:105) - Entering Position
2024-02-13 18:19:00,885  [main] INFO  (Ethara_Contact_Us.java:111) - Entering First Name
2024-02-13 18:19:01,176  [main] INFO  (Ethara_Contact_Us.java:115) - Entering Last Name
2024-02-13 18:19:01,538  [main] INFO  (Ethara_Contact_Us.java:122) - Entering Email Address
2024-02-13 18:19:01,687  [main] INFO  (Ethara_Contact_Us.java:128) - Selecting Interests from listed options
2024-02-13 18:19:01,839  [main] INFO  (Ethara_Contact_Us.java:131) - Total interests listed are 12
2024-02-13 18:19:05,990  [main] INFO  (Ethara_Contact_Us.java:148) - Selecting Country Code from listed options
2024-02-13 18:19:06,205  [main] INFO  (Ethara_Contact_Us.java:151) - Total country codes available are 242
2024-02-13 18:19:10,331  [main] INFO  (Ethara_Contact_Us.java:176) - Enter Mobile Number
2024-02-13 18:19:12,465  [main] INFO  (Ethara_Contact_Us.java:183) - Selecting Country from listed options
2024-02-13 18:19:12,624  [main] INFO  (Ethara_Contact_Us.java:186) - Total No of countries are 197
2024-02-13 18:19:19,673  [main] INFO  (Ethara_Contact_Us.java:200) - Selecting Emirates 
2024-02-13 18:19:21,861  [main] INFO  (Ethara_Contact_Us.java:236) - Checking for CAPTCHA
2024-02-13 18:19:21,928  [main] INFO  (Ethara_Contact_Us.java:238) - Google CAPTCHA present
2024-02-13 18:19:21,928  [main] INFO  (Ethara_Contact_Us.java:227) - Clikcing on Subscription CTA
2024-02-13 18:19:24,021  [main] INFO  (testListners.java:17) - [Test Passed] :- Validation of Contact us business form
2024-02-13 18:19:24,026  [main] INFO  (BaseClass.java:93) - Closing browser
2024-02-13 18:19:24,232  [main] INFO  (testListners.java:13) - [Running Test] :- Validation of Contact us Personal form Error Message
2024-02-13 18:19:24,238  [main] INFO  (Ethara_Header.java:103) - Clicking on contact us button ini header
2024-02-13 18:19:24,394  [main] ERROR (testListners.java:21) - [Test Failed] :- Validation of Contact us Personal form Error Message
2024-02-13 18:19:24,436  [main] INFO  (testListners.java:13) - [Running Test] :- Validation of Contact us Personal form
2024-02-13 18:19:24,446  [main] ERROR (testListners.java:25) - [Test Skipped] :- Validation of Contact us Personal form
